\BOOKMARK [0][-]{section*.1}{\376\377\000D\000e\000c\000l\000a\000r\000a\000t\000i\000o\000n\000\040\000o\000f\000\040\000A\000u\000t\000h\000o\000r\000s\000h\000i\000p}{}% 1
\BOOKMARK [0][-]{section*.2}{\376\377\000A\000b\000s\000t\000r\000a\000c\000t}{}% 2
\BOOKMARK [0][-]{section*.3}{\376\377\000A\000c\000k\000n\000o\000w\000l\000e\000d\000g\000e\000m\000e\000n\000t\000s}{}% 3
\BOOKMARK [0][-]{chapter*.9}{\376\377\000I\000n\000t\000r\000o\000d\000u\000c\000t\000i\000o\000n}{}% 4
\BOOKMARK [0][-]{chapter.16}{\376\377\000W\000a\000t\000e\000r\000-\000s\000a\000v\000i\000n\000g\000\040\000i\000r\000r\000i\000g\000a\000t\000i\000o\000n\000\040\000c\000a\000n\000\040\000m\000i\000t\000i\000g\000a\000t\000e\000\040\000c\000l\000i\000m\000a\000t\000e\000\040\000c\000h\000a\000n\000g\000e\000\040\000b\000u\000t\000\040\000e\000n\000t\000a\000i\000l\000s\000\040\000n\000e\000g\000a\000t\000i\000v\000e\000\040\000s\000i\000d\000e\000\040\000e\000f\000f\000e\000c\000t\000s\000\040\000o\000n\000\040\000b\000i\000o\000d\000i\000v\000e\000r\000s\000i\000t\000y\000\040\000i\000n\000\040\000r\000i\000c\000e\000\040\000p\000a\000d\000d\000y\000\040\000f\000i\000e\000l\000d\000s}{}% 5
\BOOKMARK [1][-]{section.18}{\376\377\000I\000n\000t\000r\000o\000d\000u\000c\000t\000i\000o\000n}{chapter.16}% 6
\BOOKMARK [1][-]{section.19}{\376\377\000M\000a\000t\000e\000r\000i\000a\000l\000s\000\040\000a\000n\000d\000\040\000m\000e\000t\000h\000o\000d\000s}{chapter.16}% 7
\BOOKMARK [2][-]{subsection.20}{\376\377\000S\000t\000u\000d\000y\000\040\000a\000r\000e\000a}{section.19}% 8
\BOOKMARK [2][-]{subsection.21}{\376\377\000E\000x\000p\000e\000r\000i\000m\000e\000n\000t\000a\000l\000\040\000l\000a\000y\000o\000u\000t}{section.19}% 9
\BOOKMARK [2][-]{subsection.24}{\376\377\000G\000r\000e\000e\000n\000h\000o\000u\000s\000e\000\040\000g\000a\000s\000\040\000f\000l\000u\000x\000\040\000m\000e\000a\000s\000u\000r\000e\000m\000e\000n\000t}{section.19}% 10
\BOOKMARK [2][-]{subsection.25}{\376\377\000B\000i\000o\000d\000i\000v\000e\000r\000s\000i\000t\000y\000\040\000a\000s\000s\000e\000s\000s\000m\000e\000n\000t}{section.19}% 11
\BOOKMARK [2][-]{subsection.26}{\376\377\000C\000r\000o\000p\000\040\000y\000i\000e\000l\000d}{section.19}% 12
\BOOKMARK [2][-]{subsection.27}{\376\377\000D\000a\000t\000a\000\040\000a\000n\000a\000l\000y\000s\000i\000s}{section.19}% 13
\BOOKMARK [1][-]{section.28}{\376\377\000R\000e\000s\000u\000l\000t\000s}{chapter.16}% 14
\BOOKMARK [2][-]{subsection.29}{\376\377\000C\000l\000i\000m\000a\000t\000e\000\040\000c\000h\000a\000n\000g\000e\000\040\000m\000i\000t\000i\000g\000a\000t\000i\000o\000n}{section.28}% 15
\BOOKMARK [2][-]{subsection.31}{\376\377\000B\000i\000o\000d\000i\000v\000e\000r\000s\000i\000t\000y\000\040\000c\000o\000n\000s\000e\000r\000v\000a\000t\000i\000o\000n}{section.28}% 16
\BOOKMARK [2][-]{subsection.35}{\376\377\000C\000r\000o\000p\000\040\000y\000i\000e\000l\000d}{section.28}% 17
\BOOKMARK [1][-]{section.37}{\376\377\000D\000i\000s\000c\000u\000s\000s\000i\000o\000n}{chapter.16}% 18
\BOOKMARK [1][-]{section.38}{\376\377\000C\000o\000n\000c\000l\000u\000s\000i\000o\000n\000s}{chapter.16}% 19
\BOOKMARK [1][-]{section.41}{\376\377\000A\000p\000p\000e\000n\000d\000i\000x\000\040\000t\000o\000\040\000C\000h\000a\000p\000t\000e\000r\000\040\0001}{chapter.16}% 20
\BOOKMARK [0][-]{section.41}{\376\377\000A\000p\000p\000e\000n\000d\000i\000x\000\040\000t\000o\000\040\000C\000h\000a\000p\000t\000e\000r\000\040\0001}{}% 21
\BOOKMARK [0][-]{chapter.53}{\376\377\000C\000l\000i\000m\000a\000t\000e\000\040\000c\000h\000a\000n\000g\000e\000\040\000m\000i\000t\000i\000g\000a\000t\000i\000o\000n\000\040\000t\000h\000r\000o\000u\000g\000h\000\040\000i\000r\000r\000i\000g\000a\000t\000i\000o\000n\000\040\000s\000t\000r\000a\000t\000e\000g\000i\000e\000s\000\040\000d\000u\000r\000i\000n\000g\000\040\000r\000i\000c\000e\000\040\000g\000r\000o\000w\000i\000n\000g\000\040\000s\000e\000a\000s\000o\000n\000\040\000i\000s\000\040\000o\000f\000f\000-\000s\000e\000t\000\040\000i\000n\000\040\000f\000a\000l\000l\000o\000w\000\040\000s\000e\000a\000s\000o\000n}{}% 22
\BOOKMARK [1][-]{section.55}{\376\377\000I\000n\000t\000r\000o\000d\000u\000c\000t\000i\000o\000n}{chapter.53}% 23
\BOOKMARK [1][-]{section.56}{\376\377\000M\000a\000t\000e\000r\000i\000a\000l\000s\000\040\000a\000n\000d\000\040\000m\000e\000t\000h\000o\000d\000s}{chapter.53}% 24
\BOOKMARK [2][-]{subsection.57}{\376\377\000S\000t\000u\000d\000y\000\040\000s\000i\000t\000e}{section.56}% 25
\BOOKMARK [2][-]{subsection.58}{\376\377\000E\000x\000p\000e\000r\000i\000m\000e\000n\000t\000a\000l\000\040\000l\000a\000y\000o\000u\000t}{section.56}% 26
\BOOKMARK [2][-]{subsection.61}{\376\377\000G\000r\000e\000e\000n\000h\000o\000u\000s\000e\000\040\000g\000a\000s\000\040\000f\000l\000u\000x\000\040\000m\000e\000a\000s\000u\000r\000e\000m\000e\000n\000t}{section.56}% 27
\BOOKMARK [2][-]{subsection.62}{\376\377\000M\000i\000c\000r\000o\000b\000i\000a\000l\000\040\000b\000i\000o\000d\000i\000v\000e\000r\000s\000i\000t\000y\000\040\000a\000s\000s\000e\000s\000s\000m\000e\000n\000t}{section.56}% 28
\BOOKMARK [2][-]{subsection.63}{\376\377\000D\000a\000t\000a\000\040\000a\000n\000a\000l\000y\000s\000i\000s}{section.56}% 29
\BOOKMARK [1][-]{section.67}{\376\377\000R\000e\000s\000u\000l\000t\000s}{chapter.53}% 30
\BOOKMARK [2][-]{subsection.68}{\376\377\000G\000H\000G\000\040\000e\000m\000i\000s\000s\000i\000o\000n\000s}{section.67}% 31
\BOOKMARK [2][-]{subsection.71}{\376\377\000M\000i\000c\000r\000o\000b\000i\000a\000l\000\040\000b\000i\000o\000d\000i\000v\000e\000r\000s\000i\000t\000y}{section.67}% 32
\BOOKMARK [1][-]{section.74}{\376\377\000D\000i\000s\000c\000u\000s\000s\000i\000o\000n}{chapter.53}% 33
\BOOKMARK [1][-]{section.75}{\376\377\000C\000o\000n\000c\000l\000u\000s\000i\000o\000n\000s}{chapter.53}% 34
\BOOKMARK [1][-]{section.78}{\376\377\000A\000p\000p\000e\000n\000d\000i\000x\000\040\000t\000o\000\040\000C\000h\000a\000p\000t\000e\000r\000\040\0002}{chapter.53}% 35
\BOOKMARK [0][-]{section.78}{\376\377\000A\000p\000p\000e\000n\000d\000i\000x\000\040\000t\000o\000\040\000C\000h\000a\000p\000t\000e\000r\000\040\0002}{}% 36
